2018-06-18T07:58:04+00:00 CRITICAL Uncaught Error: Call to undefined function the_exerpt() in C:\xampp\htdocs\wordpress\wp-content\themes\sweetworld\template-parts\content.php:26
Stack trace:
#0 C:\xampp\htdocs\wordpress\wp-includes\template.php(690): require()
#1 C:\xampp\htdocs\wordpress\wp-includes\template.php(647): load_template('C:\\xampp\\htdocs...', false)
#2 C:\xampp\htdocs\wordpress\wp-includes\general-template.php(155): locate_template(Array, true, false)
#3 C:\xampp\htdocs\wordpress\wp-content\themes\sweetworld\index.php(47): get_template_part('template-parts/...', 'post')
#4 C:\xampp\htdocs\wordpress\wp-includes\template-loader.php(74): include('C:\\xampp\\htdocs...')
#5 C:\xampp\htdocs\wordpress\wp-blog-header.php(19): require_once('C:\\xampp\\htdocs...')
#6 C:\xampp\htdocs\wordpress\index.php(17): require('C:\\xampp\\htdocs...')
#7 {main}
  thrown

2018-06-18T08:37:28+00:00 CRITICAL Uncaught Error: Call to undefined function C:\xampp\htdocs\wordpress/wp-content/themes/storefront-child() in C:\xampp\htdocs\wordpress\wp-content\themes\storefront-child\functions.php:52
Stack trace:
#0 C:\xampp\htdocs\wordpress\wp-includes\class-wp-hook.php(286): storefront_primary_navigation('')
#1 C:\xampp\htdocs\wordpress\wp-includes\class-wp-hook.php(310): WP_Hook->apply_filters(NULL, Array)
#2 C:\xampp\htdocs\wordpress\wp-includes\plugin.php(453): WP_Hook->do_action(Array)
#3 C:\xampp\htdocs\wordpress\wp-content\themes\storefront-child\header.php(46): do_action('storefront_head...')
#4 C:\xampp\htdocs\wordpress\wp-includes\template.php(688): require_once('C:\\xampp\\htdocs...')
#5 C:\xampp\htdocs\wordpress\wp-includes\template.php(647): load_template('C:\\xampp\\htdocs...', true)
#6 C:\xampp\htdocs\wordpress\wp-includes\general-template.php(41): locate_template(Array, true)
#7 C:\xampp\htdocs\wordpress\wp-content\themes\storefront\index.php(14): get_header()
#8 C:\xampp\htdocs\wordpress\wp-includes\temp

2018-06-18T08:37:30+00:00 CRITICAL Uncaught Error: Call to undefined function C:\xampp\htdocs\wordpress/wp-content/themes/storefront-child() in C:\xampp\htdocs\wordpress\wp-content\themes\storefront-child\functions.php:52
Stack trace:
#0 C:\xampp\htdocs\wordpress\wp-includes\class-wp-hook.php(286): storefront_primary_navigation('')
#1 C:\xampp\htdocs\wordpress\wp-includes\class-wp-hook.php(310): WP_Hook->apply_filters(NULL, Array)
#2 C:\xampp\htdocs\wordpress\wp-includes\plugin.php(453): WP_Hook->do_action(Array)
#3 C:\xampp\htdocs\wordpress\wp-content\themes\storefront-child\header.php(46): do_action('storefront_head...')
#4 C:\xampp\htdocs\wordpress\wp-includes\template.php(688): require_once('C:\\xampp\\htdocs...')
#5 C:\xampp\htdocs\wordpress\wp-includes\template.php(647): load_template('C:\\xampp\\htdocs...', true)
#6 C:\xampp\htdocs\wordpress\wp-includes\general-template.php(41): locate_template(Array, true)
#7 C:\xampp\htdocs\wordpress\wp-content\themes\storefront\404.php(8): get_header()
#8 C:\xampp\htdocs\wordpress\wp-includes\templat

2018-06-18T08:37:30+00:00 CRITICAL Uncaught Error: Call to undefined function C:\xampp\htdocs\wordpress/wp-content/themes/storefront-child() in C:\xampp\htdocs\wordpress\wp-content\themes\storefront-child\functions.php:52
Stack trace:
#0 C:\xampp\htdocs\wordpress\wp-includes\class-wp-hook.php(286): storefront_primary_navigation('')
#1 C:\xampp\htdocs\wordpress\wp-includes\class-wp-hook.php(310): WP_Hook->apply_filters(NULL, Array)
#2 C:\xampp\htdocs\wordpress\wp-includes\plugin.php(453): WP_Hook->do_action(Array)
#3 C:\xampp\htdocs\wordpress\wp-content\themes\storefront-child\header.php(46): do_action('storefront_head...')
#4 C:\xampp\htdocs\wordpress\wp-includes\template.php(688): require_once('C:\\xampp\\htdocs...')
#5 C:\xampp\htdocs\wordpress\wp-includes\template.php(647): load_template('C:\\xampp\\htdocs...', true)
#6 C:\xampp\htdocs\wordpress\wp-includes\general-template.php(41): locate_template(Array, true)
#7 C:\xampp\htdocs\wordpress\wp-content\themes\storefront\404.php(8): get_header()
#8 C:\xampp\htdocs\wordpress\wp-includes\templat

2018-06-18T08:38:44+00:00 CRITICAL Uncaught Error: Call to undefined function C:\xampp\htdocs\wordpress/wp-content/themes/storefront-child() in C:\xampp\htdocs\wordpress\wp-content\themes\storefront-child\functions.php:5
Stack trace:
#0 C:\xampp\htdocs\wordpress\wp-includes\class-wp-hook.php(286): shop_isle_supermercados_max_enqueue_styles('')
#1 C:\xampp\htdocs\wordpress\wp-includes\class-wp-hook.php(310): WP_Hook->apply_filters(NULL, Array)
#2 C:\xampp\htdocs\wordpress\wp-includes\plugin.php(453): WP_Hook->do_action(Array)
#3 C:\xampp\htdocs\wordpress\wp-includes\script-loader.php(1447): do_action('wp_enqueue_scri...')
#4 C:\xampp\htdocs\wordpress\wp-includes\class-wp-hook.php(286): wp_enqueue_scripts('')
#5 C:\xampp\htdocs\wordpress\wp-includes\class-wp-hook.php(310): WP_Hook->apply_filters(NULL, Array)
#6 C:\xampp\htdocs\wordpress\wp-includes\plugin.php(453): WP_Hook->do_action(Array)
#7 C:\xampp\htdocs\wordpress\wp-includes\general-template.php(2614): do_action('wp_head')
#8 C:\xampp\htdocs\wordpress\wp-content\themes\storefront-child\hea

2018-06-18T10:16:28+00:00 CRITICAL Uncaught Error: Call to undefined function show_caetgories() in C:\xampp\htdocs\wordpress\wp-content\themes\storefront\sidebar.php:8
Stack trace:
#0 C:\xampp\htdocs\wordpress\wp-includes\template.php(688): require_once()
#1 C:\xampp\htdocs\wordpress\wp-includes\template.php(647): load_template('C:\\xampp\\htdocs...', true)
#2 C:\xampp\htdocs\wordpress\wp-includes\general-template.php(110): locate_template(Array, true)
#3 C:\xampp\htdocs\wordpress\wp-content\themes\storefront\inc\storefront-template-functions.php(905): get_sidebar()
#4 C:\xampp\htdocs\wordpress\wp-includes\class-wp-hook.php(286): storefront_get_sidebar('')
#5 C:\xampp\htdocs\wordpress\wp-includes\class-wp-hook.php(310): WP_Hook->apply_filters('', Array)
#6 C:\xampp\htdocs\wordpress\wp-includes\plugin.php(453): WP_Hook->do_action(Array)
#7 C:\xampp\htdocs\wordpress\wp-content\themes\storefront-child\index.php(15): do_action('storefront_side...')
#8 C:\xampp\htdocs\wordpress\wp-includes\template-loader.php(74): include('C:\\xampp\\htdocs...')
#9

2018-06-18T10:18:59+00:00 CRITICAL Uncaught Error: Call to a member function count() on array in C:\xampp\htdocs\wordpress\wp-content\themes\storefront-child\functions.php:117
Stack trace:
#0 C:\xampp\htdocs\wordpress\wp-content\themes\storefront\sidebar.php(8): show_categories()
#1 C:\xampp\htdocs\wordpress\wp-includes\template.php(688): require_once('C:\\xampp\\htdocs...')
#2 C:\xampp\htdocs\wordpress\wp-includes\template.php(647): load_template('C:\\xampp\\htdocs...', true)
#3 C:\xampp\htdocs\wordpress\wp-includes\general-template.php(110): locate_template(Array, true)
#4 C:\xampp\htdocs\wordpress\wp-content\themes\storefront\inc\storefront-template-functions.php(905): get_sidebar()
#5 C:\xampp\htdocs\wordpress\wp-includes\class-wp-hook.php(286): storefront_get_sidebar('')
#6 C:\xampp\htdocs\wordpress\wp-includes\class-wp-hook.php(310): WP_Hook->apply_filters('', Array)
#7 C:\xampp\htdocs\wordpress\wp-includes\plugin.php(453): WP_Hook->do_action(Array)
#8 C:\xampp\htdocs\wordpress\wp-content\themes\storefront-child\index.php(15): do_action(

2018-06-18T11:39:45+00:00 CRITICAL Uncaught ArgumentCountError: Too few arguments to function custom_show_product_images(), 1 passed in C:\xampp\htdocs\wordpress\wp-includes\class-wp-hook.php on line 286 and exactly 2 expected in C:\xampp\htdocs\wordpress\wp-content\themes\storefront-child\functions.php:144
Stack trace:
#0 C:\xampp\htdocs\wordpress\wp-includes\class-wp-hook.php(286): custom_show_product_images('')
#1 C:\xampp\htdocs\wordpress\wp-includes\class-wp-hook.php(310): WP_Hook->apply_filters(NULL, Array)
#2 C:\xampp\htdocs\wordpress\wp-includes\plugin.php(453): WP_Hook->do_action(Array)
#3 C:\xampp\htdocs\wordpress\wp-content\plugins\woocommerce\templates\content-single-product.php(41): do_action('woocommerce_bef...')
#4 C:\xampp\htdocs\wordpress\wp-includes\template.php(690): require('C:\\xampp\\htdocs...')
#5 C:\xampp\htdocs\wordpress\wp-content\plugins\woocommerce\includes\wc-core-functions.php(179): load_template('C:\\xampp\\htdocs...', false)
#6 C:\xampp\htdocs\wordpress\wp-content\plugins\woocommerce\templates\single-product.php

2018-06-18T11:40:09+00:00 CRITICAL Uncaught ArgumentCountError: Too few arguments to function custom_show_product_images(), 1 passed in C:\xampp\htdocs\wordpress\wp-includes\class-wp-hook.php on line 286 and exactly 2 expected in C:\xampp\htdocs\wordpress\wp-content\themes\storefront-child\functions.php:144
Stack trace:
#0 C:\xampp\htdocs\wordpress\wp-includes\class-wp-hook.php(286): custom_show_product_images('')
#1 C:\xampp\htdocs\wordpress\wp-includes\class-wp-hook.php(310): WP_Hook->apply_filters(NULL, Array)
#2 C:\xampp\htdocs\wordpress\wp-includes\plugin.php(453): WP_Hook->do_action(Array)
#3 C:\xampp\htdocs\wordpress\wp-content\plugins\woocommerce\templates\content-single-product.php(41): do_action('woocommerce_bef...')
#4 C:\xampp\htdocs\wordpress\wp-includes\template.php(690): require('C:\\xampp\\htdocs...')
#5 C:\xampp\htdocs\wordpress\wp-content\plugins\woocommerce\includes\wc-core-functions.php(179): load_template('C:\\xampp\\htdocs...', false)
#6 C:\xampp\htdocs\wordpress\wp-content\plugins\woocommerce\templates\single-product.php

2018-06-18T14:34:13+00:00 CRITICAL Uncaught Error: Call to undefined function _show_reviews() in C:\xampp\htdocs\wordpress\wp-content\themes\storefront-child\woocommerce\single-product\tabs\tabs.php:38
Stack trace:
#0 C:\xampp\htdocs\wordpress\wp-content\plugins\woocommerce\includes\wc-core-functions.php(210): include()
#1 C:\xampp\htdocs\wordpress\wp-content\themes\storefront-child\functions.php(184): wc_get_template('single-product/...')
#2 C:\xampp\htdocs\wordpress\wp-includes\class-wp-hook.php(286): woocommerce_output_product_data_tabs('')
#3 C:\xampp\htdocs\wordpress\wp-includes\class-wp-hook.php(310): WP_Hook->apply_filters('', Array)
#4 C:\xampp\htdocs\wordpress\wp-includes\plugin.php(453): WP_Hook->do_action(Array)
#5 C:\xampp\htdocs\wordpress\wp-content\themes\storefront-child\woocommerce\content-single-product.php(71): do_action('woocommerce_aft...')
#6 C:\xampp\htdocs\wordpress\wp-includes\template.php(690): require('C:\\xampp\\htdocs...')
#7 C:\xampp\htdocs\wordpress\wp-content\plugins\woocommerce\includes\wc-core-functions.php(179

2018-06-18T14:34:52+00:00 CRITICAL Uncaught Error: Call to undefined function _show_reviews() in C:\xampp\htdocs\wordpress\wp-content\themes\storefront-child\woocommerce\single-product\tabs\tabs.php:38
Stack trace:
#0 C:\xampp\htdocs\wordpress\wp-content\plugins\woocommerce\includes\wc-core-functions.php(210): include()
#1 C:\xampp\htdocs\wordpress\wp-content\themes\storefront-child\functions.php(184): wc_get_template('single-product/...')
#2 C:\xampp\htdocs\wordpress\wp-includes\class-wp-hook.php(286): woocommerce_output_product_data_tabs('')
#3 C:\xampp\htdocs\wordpress\wp-includes\class-wp-hook.php(310): WP_Hook->apply_filters('', Array)
#4 C:\xampp\htdocs\wordpress\wp-includes\plugin.php(453): WP_Hook->do_action(Array)
#5 C:\xampp\htdocs\wordpress\wp-content\themes\storefront-child\woocommerce\content-single-product.php(71): do_action('woocommerce_aft...')
#6 C:\xampp\htdocs\wordpress\wp-includes\template.php(690): require('C:\\xampp\\htdocs...')
#7 C:\xampp\htdocs\wordpress\wp-content\plugins\woocommerce\includes\wc-core-functions.php(179

2018-06-18T14:35:55+00:00 CRITICAL Uncaught Error: Call to undefined function _show_reviews() in C:\xampp\htdocs\wordpress\wp-content\themes\storefront-child\woocommerce\single-product\tabs\tabs.php:38
Stack trace:
#0 C:\xampp\htdocs\wordpress\wp-content\plugins\woocommerce\includes\wc-core-functions.php(210): include()
#1 C:\xampp\htdocs\wordpress\wp-content\themes\storefront-child\functions.php(184): wc_get_template('single-product/...')
#2 C:\xampp\htdocs\wordpress\wp-includes\class-wp-hook.php(286): woocommerce_output_product_data_tabs('')
#3 C:\xampp\htdocs\wordpress\wp-includes\class-wp-hook.php(310): WP_Hook->apply_filters('', Array)
#4 C:\xampp\htdocs\wordpress\wp-includes\plugin.php(453): WP_Hook->do_action(Array)
#5 C:\xampp\htdocs\wordpress\wp-content\themes\storefront-child\woocommerce\content-single-product.php(71): do_action('woocommerce_aft...')
#6 C:\xampp\htdocs\wordpress\wp-includes\template.php(690): require('C:\\xampp\\htdocs...')
#7 C:\xampp\htdocs\wordpress\wp-content\plugins\woocommerce\includes\wc-core-functions.php(179

2018-06-18T14:55:25+00:00 CRITICAL Uncaught ArgumentCountError: Too few arguments to function remove_action(), 1 passed in C:\xampp\htdocs\wordpress\wp-content\themes\storefront-child\functions.php on line 58 and at least 2 expected in C:\xampp\htdocs\wordpress\wp-includes\plugin.php:554
Stack trace:
#0 C:\xampp\htdocs\wordpress\wp-content\themes\storefront-child\functions.php(58): remove_action('woocommerce_rev...')
#1 C:\xampp\htdocs\wordpress\wp-includes\class-wp-hook.php(286): remove_functions('')
#2 C:\xampp\htdocs\wordpress\wp-includes\class-wp-hook.php(310): WP_Hook->apply_filters(NULL, Array)
#3 C:\xampp\htdocs\wordpress\wp-includes\plugin.php(453): WP_Hook->do_action(Array)
#4 C:\xampp\htdocs\wordpress\wp-settings.php(450): do_action('init')
#5 C:\xampp\htdocs\wordpress\wp-config.php(89): require_once('C:\\xampp\\htdocs...')
#6 C:\xampp\htdocs\wordpress\wp-load.php(37): require_once('C:\\xampp\\htdocs...')
#7 C:\xampp\htdocs\wordpress\wp-blog-header.php(13): require_once('C:\\xampp\\htdocs...')
#8 C:\xampp\htdocs\wordpress\index.php(1

2018-06-18T16:02:51+00:00 CRITICAL Uncaught Error: Call to undefined function get_termlink() in C:\xampp\htdocs\wordpress\wp-content\themes\storefront-child\functions.php:230
Stack trace:
#0 C:\xampp\htdocs\wordpress\wp-content\themes\storefront-child\sidebar.php(10): show_categories()
#1 C:\xampp\htdocs\wordpress\wp-includes\template.php(688): require_once('C:\\xampp\\htdocs...')
#2 C:\xampp\htdocs\wordpress\wp-includes\template.php(647): load_template('C:\\xampp\\htdocs...', true)
#3 C:\xampp\htdocs\wordpress\wp-includes\general-template.php(110): locate_template(Array, true)
#4 C:\xampp\htdocs\wordpress\wp-content\themes\storefront\inc\storefront-template-functions.php(905): get_sidebar()
#5 C:\xampp\htdocs\wordpress\wp-includes\class-wp-hook.php(286): storefront_get_sidebar('')
#6 C:\xampp\htdocs\wordpress\wp-includes\class-wp-hook.php(310): WP_Hook->apply_filters('', Array)
#7 C:\xampp\htdocs\wordpress\wp-includes\plugin.php(453): WP_Hook->do_action(Array)
#8 C:\xampp\htdocs\wordpress\wp-content\themes\storefront-child\functions.php(145):

